The target system is: Android - 1 - aarch64
The host system is: Linux - 5.10.16.3-microsoft-standard-WSL2 - x86_64
Detecting C compiler ABI info compiled with the following output:
Change Dir: /data/flycv-android-example/build/CMakeFiles/CMakeTmp

Run Build Command(s):/usr/bin/gmake -f Makefile cmTC_2eb05/fast && /usr/bin/gmake  -f CMakeFiles/cmTC_2eb05.dir/build.make CMakeFiles/cmTC_2eb05.dir/build
gmake[1]: Entering directory '/data/flycv-android-example/build/CMakeFiles/CMakeTmp'
Building C object CMakeFiles/cmTC_2eb05.dir/CMakeCCompilerABI.c.o
/opt/android-ndk-r17c/toolchains/llvm/prebuilt/linux-x86_64/bin/clang --target=aarch64-none-linux-android --gcc-toolchain=/opt/android-ndk-r17c/toolchains/aarch64-linux-android-4.9/prebuilt/linux-x86_64 --sysroot=/opt/android-ndk-r17c/sysroot   -isystem /opt/android-ndk-r17c/sysroot/usr/include/aarch64-linux-android -D__ANDROID_API__=21 -g -DANDROID -ffunction-sections -funwind-tables -fstack-protector-strong -no-canonical-prefixes -Wa,--noexecstack -Wformat   -fPIE   -v -MD -MT CMakeFiles/cmTC_2eb05.dir/CMakeCCompilerABI.c.o -MF CMakeFiles/cmTC_2eb05.dir/CMakeCCompilerABI.c.o.d -o CMakeFiles/cmTC_2eb05.dir/CMakeCCompilerABI.c.o -c /usr/share/cmake-3.22/Modules/CMakeCCompilerABI.c
Android (4691093 based on r316199) clang version 6.0.2 (https://android.googlesource.com/toolchain/clang 183abd29fc496f55536e7d904e0abae47888fc7f) (https://android.googlesource.com/toolchain/llvm 34361f192e41ed6e4e8f9aca80a4ea7e9856f327) (based on LLVM 6.0.2svn)
Target: aarch64-none-linux-android
Thread model: posix
InstalledDir: /opt/android-ndk-r17c/toolchains/llvm/prebuilt/linux-x86_64/bin
Found candidate GCC installation: /opt/android-ndk-r17c/toolchains/aarch64-linux-android-4.9/prebuilt/linux-x86_64/lib/gcc/aarch64-linux-android/4.9.x
Selected GCC installation: /opt/android-ndk-r17c/toolchains/aarch64-linux-android-4.9/prebuilt/linux-x86_64/lib/gcc/aarch64-linux-android/4.9.x
Candidate multilib: .;@m64
Selected multilib: .;@m64
 "/opt/android-ndk-r17c/toolchains/llvm/prebuilt/linux-x86_64/bin/clang" -cc1 -triple aarch64-none-linux-android -emit-obj -mrelax-all -mnoexecstack -disable-free -disable-llvm-verifier -discard-value-names -main-file-name CMakeCCompilerABI.c -mrelocation-model pic -pic-level 2 -pic-is-pie -mthread-model posix -mdisable-fp-elim -fmath-errno -masm-verbose -mconstructor-aliases -munwind-tables -fuse-init-array -target-cpu generic -target-feature +neon -target-abi aapcs -backend-option -aarch64-fix-cortex-a53-835769=1 -fallow-half-arguments-and-returns -dwarf-column-info -debug-info-kind=limited -dwarf-version=4 -debugger-tuning=gdb -v -ffunction-sections -coverage-notes-file /data/flycv-android-example/build/CMakeFiles/CMakeTmp/CMakeFiles/cmTC_2eb05.dir/CMakeCCompilerABI.c.gcno -resource-dir /opt/android-ndk-r17c/toolchains/llvm/prebuilt/linux-x86_64/lib64/clang/6.0.2 -dependency-file CMakeFiles/cmTC_2eb05.dir/CMakeCCompilerABI.c.o.d -sys-header-deps -MT CMakeFiles/cmTC_2eb05.dir/CMakeCCompilerABI.c.o -isystem /opt/android-ndk-r17c/sysroot/usr/include/aarch64-linux-android -D __ANDROID_API__=21 -D ANDROID -isysroot /opt/android-ndk-r17c/sysroot -internal-isystem /opt/android-ndk-r17c/sysroot/usr/local/include -internal-isystem /opt/android-ndk-r17c/toolchains/llvm/prebuilt/linux-x86_64/lib64/clang/6.0.2/include -internal-externc-isystem /opt/android-ndk-r17c/sysroot/include -internal-externc-isystem /opt/android-ndk-r17c/sysroot/usr/include -Wformat -fdebug-compilation-dir /data/flycv-android-example/build/CMakeFiles/CMakeTmp -ferror-limit 19 -fmessage-length 0 -femulated-tls -stack-protector 2 -fno-signed-char -fobjc-runtime=gcc -fdiagnostics-show-option -o CMakeFiles/cmTC_2eb05.dir/CMakeCCompilerABI.c.o -x c /usr/share/cmake-3.22/Modules/CMakeCCompilerABI.c
clang -cc1 version 6.0.2 based upon LLVM 6.0.2svn default target x86_64-unknown-linux-gnu
ignoring nonexistent directory "/opt/android-ndk-r17c/sysroot/usr/local/include"
ignoring nonexistent directory "/opt/android-ndk-r17c/sysroot/include"
#include "..." search starts here:
#include <...> search starts here:
 /opt/android-ndk-r17c/sysroot/usr/include/aarch64-linux-android
 /opt/android-ndk-r17c/toolchains/llvm/prebuilt/linux-x86_64/lib64/clang/6.0.2/include
 /opt/android-ndk-r17c/sysroot/usr/include
End of search list.
Linking C executable cmTC_2eb05
/usr/bin/cmake -E cmake_link_script CMakeFiles/cmTC_2eb05.dir/link.txt --verbose=1
/opt/android-ndk-r17c/toolchains/llvm/prebuilt/linux-x86_64/bin/clang --target=aarch64-none-linux-android --gcc-toolchain=/opt/android-ndk-r17c/toolchains/aarch64-linux-android-4.9/prebuilt/linux-x86_64 --sysroot=/opt/android-ndk-r17c/sysroot -isystem /opt/android-ndk-r17c/sysroot/usr/include/aarch64-linux-android -D__ANDROID_API__=21 -g -DANDROID -ffunction-sections -funwind-tables -fstack-protector-strong -no-canonical-prefixes -Wa,--noexecstack -Wformat   -Wl,--exclude-libs,libgcc.a -Wl,--exclude-libs,libatomic.a -nostdlib++ --sysroot /opt/android-ndk-r17c/platforms/android-21/arch-arm64 -Wl,--build-id -Wl,--warn-shared-textrel -Wl,--fatal-warnings -L/opt/android-ndk-r17c/sources/cxx-stl/llvm-libc++/libs/arm64-v8a -Wl,--no-undefined -Wl,-z,noexecstack -Qunused-arguments -Wl,-z,relro -Wl,-z,now -Wl,--gc-sections -Wl,-z,nocopyreloc -pie -fpie  -v CMakeFiles/cmTC_2eb05.dir/CMakeCCompilerABI.c.o -o cmTC_2eb05 
Android (4691093 based on r316199) clang version 6.0.2 (https://android.googlesource.com/toolchain/clang 183abd29fc496f55536e7d904e0abae47888fc7f) (https://android.googlesource.com/toolchain/llvm 34361f192e41ed6e4e8f9aca80a4ea7e9856f327) (based on LLVM 6.0.2svn)
Target: aarch64-none-linux-android
Thread model: posix
InstalledDir: /opt/android-ndk-r17c/toolchains/llvm/prebuilt/linux-x86_64/bin
Found candidate GCC installation: /opt/android-ndk-r17c/toolchains/aarch64-linux-android-4.9/prebuilt/linux-x86_64/lib/gcc/aarch64-linux-android/4.9.x
Selected GCC installation: /opt/android-ndk-r17c/toolchains/aarch64-linux-android-4.9/prebuilt/linux-x86_64/lib/gcc/aarch64-linux-android/4.9.x
Candidate multilib: .;@m64
Selected multilib: .;@m64
 "/opt/android-ndk-r17c/toolchains/aarch64-linux-android-4.9/prebuilt/linux-x86_64/lib/gcc/aarch64-linux-android/4.9.x/../../../../aarch64-linux-android/bin/ld" --sysroot=/opt/android-ndk-r17c/platforms/android-21/arch-arm64 -pie --fix-cortex-a53-843419 --eh-frame-hdr -m aarch64linux -dynamic-linker /system/bin/linker64 -o cmTC_2eb05 /opt/android-ndk-r17c/platforms/android-21/arch-arm64/usr/lib/crtbegin_dynamic.o -L/opt/android-ndk-r17c/sources/cxx-stl/llvm-libc++/libs/arm64-v8a -L/opt/android-ndk-r17c/toolchains/llvm/prebuilt/linux-x86_64/lib64/clang/6.0.2/lib/linux/aarch64 -L/opt/android-ndk-r17c/toolchains/aarch64-linux-android-4.9/prebuilt/linux-x86_64/lib/gcc/aarch64-linux-android/4.9.x -L/opt/android-ndk-r17c/toolchains/aarch64-linux-android-4.9/prebuilt/linux-x86_64/lib/gcc/aarch64-linux-android/4.9.x/../../../../aarch64-linux-android/lib/../lib64 -L/opt/android-ndk-r17c/toolchains/aarch64-linux-android-4.9/prebuilt/linux-x86_64/lib/gcc/aarch64-linux-android/4.9.x/../../../../aarch64-linux-android/lib -L/opt/android-ndk-r17c/platforms/android-21/arch-arm64/usr/lib --exclude-libs libgcc.a --exclude-libs libatomic.a --build-id --warn-shared-textrel --fatal-warnings --no-undefined -z noexecstack -z relro -z now --gc-sections -z nocopyreloc CMakeFiles/cmTC_2eb05.dir/CMakeCCompilerABI.c.o -lgcc -ldl -lc -lgcc -ldl /opt/android-ndk-r17c/platforms/android-21/arch-arm64/usr/lib/crtend_android.o
gmake[1]: Leaving directory '/data/flycv-android-example/build/CMakeFiles/CMakeTmp'



Parsed C implicit include dir info from above output: rv=done
  found start of include info
  found start of implicit include info
    add: [/opt/android-ndk-r17c/sysroot/usr/include/aarch64-linux-android]
    add: [/opt/android-ndk-r17c/toolchains/llvm/prebuilt/linux-x86_64/lib64/clang/6.0.2/include]
    add: [/opt/android-ndk-r17c/sysroot/usr/include]
  end of search list found
  collapse include dir [/opt/android-ndk-r17c/sysroot/usr/include/aarch64-linux-android] ==> [/opt/android-ndk-r17c/sysroot/usr/include/aarch64-linux-android]
  collapse include dir [/opt/android-ndk-r17c/toolchains/llvm/prebuilt/linux-x86_64/lib64/clang/6.0.2/include] ==> [/opt/android-ndk-r17c/toolchains/llvm/prebuilt/linux-x86_64/lib64/clang/6.0.2/include]
  collapse include dir [/opt/android-ndk-r17c/sysroot/usr/include] ==> [/opt/android-ndk-r17c/sysroot/usr/include]
  implicit include dirs: [/opt/android-ndk-r17c/sysroot/usr/include/aarch64-linux-android;/opt/android-ndk-r17c/toolchains/llvm/prebuilt/linux-x86_64/lib64/clang/6.0.2/include;/opt/android-ndk-r17c/sysroot/usr/include]


Parsed C implicit link information from above output:
  link line regex: [^( *|.*[/\])(aarch64-linux-android-ld|CMAKE_LINK_STARTFILE-NOTFOUND|([^/\]+-)?ld|collect2)[^/\]*( |$)]
  ignore line: [Change Dir: /data/flycv-android-example/build/CMakeFiles/CMakeTmp]
  ignore line: []
  ignore line: [Run Build Command(s):/usr/bin/gmake -f Makefile cmTC_2eb05/fast && /usr/bin/gmake  -f CMakeFiles/cmTC_2eb05.dir/build.make CMakeFiles/cmTC_2eb05.dir/build]
  ignore line: [gmake[1]: Entering directory '/data/flycv-android-example/build/CMakeFiles/CMakeTmp']
  ignore line: [Building C object CMakeFiles/cmTC_2eb05.dir/CMakeCCompilerABI.c.o]
  ignore line: [/opt/android-ndk-r17c/toolchains/llvm/prebuilt/linux-x86_64/bin/clang --target=aarch64-none-linux-android --gcc-toolchain=/opt/android-ndk-r17c/toolchains/aarch64-linux-android-4.9/prebuilt/linux-x86_64 --sysroot=/opt/android-ndk-r17c/sysroot   -isystem /opt/android-ndk-r17c/sysroot/usr/include/aarch64-linux-android -D__ANDROID_API__=21 -g -DANDROID -ffunction-sections -funwind-tables -fstack-protector-strong -no-canonical-prefixes -Wa --noexecstack -Wformat   -fPIE   -v -MD -MT CMakeFiles/cmTC_2eb05.dir/CMakeCCompilerABI.c.o -MF CMakeFiles/cmTC_2eb05.dir/CMakeCCompilerABI.c.o.d -o CMakeFiles/cmTC_2eb05.dir/CMakeCCompilerABI.c.o -c /usr/share/cmake-3.22/Modules/CMakeCCompilerABI.c]
  ignore line: [Android (4691093 based on r316199) clang version 6.0.2 (https://android.googlesource.com/toolchain/clang 183abd29fc496f55536e7d904e0abae47888fc7f) (https://android.googlesource.com/toolchain/llvm 34361f192e41ed6e4e8f9aca80a4ea7e9856f327) (based on LLVM 6.0.2svn)]
  ignore line: [Target: aarch64-none-linux-android]
  ignore line: [Thread model: posix]
  ignore line: [InstalledDir: /opt/android-ndk-r17c/toolchains/llvm/prebuilt/linux-x86_64/bin]
  ignore line: [Found candidate GCC installation: /opt/android-ndk-r17c/toolchains/aarch64-linux-android-4.9/prebuilt/linux-x86_64/lib/gcc/aarch64-linux-android/4.9.x]
  ignore line: [Selected GCC installation: /opt/android-ndk-r17c/toolchains/aarch64-linux-android-4.9/prebuilt/linux-x86_64/lib/gcc/aarch64-linux-android/4.9.x]
  ignore line: [Candidate multilib: .]
  ignore line: [@m64]
  ignore line: [Selected multilib: .]
  ignore line: [@m64]
  ignore line: [ "/opt/android-ndk-r17c/toolchains/llvm/prebuilt/linux-x86_64/bin/clang" -cc1 -triple aarch64-none-linux-android -emit-obj -mrelax-all -mnoexecstack -disable-free -disable-llvm-verifier -discard-value-names -main-file-name CMakeCCompilerABI.c -mrelocation-model pic -pic-level 2 -pic-is-pie -mthread-model posix -mdisable-fp-elim -fmath-errno -masm-verbose -mconstructor-aliases -munwind-tables -fuse-init-array -target-cpu generic -target-feature +neon -target-abi aapcs -backend-option -aarch64-fix-cortex-a53-835769=1 -fallow-half-arguments-and-returns -dwarf-column-info -debug-info-kind=limited -dwarf-version=4 -debugger-tuning=gdb -v -ffunction-sections -coverage-notes-file /data/flycv-android-example/build/CMakeFiles/CMakeTmp/CMakeFiles/cmTC_2eb05.dir/CMakeCCompilerABI.c.gcno -resource-dir /opt/android-ndk-r17c/toolchains/llvm/prebuilt/linux-x86_64/lib64/clang/6.0.2 -dependency-file CMakeFiles/cmTC_2eb05.dir/CMakeCCompilerABI.c.o.d -sys-header-deps -MT CMakeFiles/cmTC_2eb05.dir/CMakeCCompilerABI.c.o -isystem /opt/android-ndk-r17c/sysroot/usr/include/aarch64-linux-android -D __ANDROID_API__=21 -D ANDROID -isysroot /opt/android-ndk-r17c/sysroot -internal-isystem /opt/android-ndk-r17c/sysroot/usr/local/include -internal-isystem /opt/android-ndk-r17c/toolchains/llvm/prebuilt/linux-x86_64/lib64/clang/6.0.2/include -internal-externc-isystem /opt/android-ndk-r17c/sysroot/include -internal-externc-isystem /opt/android-ndk-r17c/sysroot/usr/include -Wformat -fdebug-compilation-dir /data/flycv-android-example/build/CMakeFiles/CMakeTmp -ferror-limit 19 -fmessage-length 0 -femulated-tls -stack-protector 2 -fno-signed-char -fobjc-runtime=gcc -fdiagnostics-show-option -o CMakeFiles/cmTC_2eb05.dir/CMakeCCompilerABI.c.o -x c /usr/share/cmake-3.22/Modules/CMakeCCompilerABI.c]
  ignore line: [clang -cc1 version 6.0.2 based upon LLVM 6.0.2svn default target x86_64-unknown-linux-gnu]
  ignore line: [ignoring nonexistent directory "/opt/android-ndk-r17c/sysroot/usr/local/include"]
  ignore line: [ignoring nonexistent directory "/opt/android-ndk-r17c/sysroot/include"]
  ignore line: [#include "..." search starts here:]
  ignore line: [#include <...> search starts here:]
  ignore line: [ /opt/android-ndk-r17c/sysroot/usr/include/aarch64-linux-android]
  ignore line: [ /opt/android-ndk-r17c/toolchains/llvm/prebuilt/linux-x86_64/lib64/clang/6.0.2/include]
  ignore line: [ /opt/android-ndk-r17c/sysroot/usr/include]
  ignore line: [End of search list.]
  ignore line: [Linking C executable cmTC_2eb05]
  ignore line: [/usr/bin/cmake -E cmake_link_script CMakeFiles/cmTC_2eb05.dir/link.txt --verbose=1]
  ignore line: [/opt/android-ndk-r17c/toolchains/llvm/prebuilt/linux-x86_64/bin/clang --target=aarch64-none-linux-android --gcc-toolchain=/opt/android-ndk-r17c/toolchains/aarch64-linux-android-4.9/prebuilt/linux-x86_64 --sysroot=/opt/android-ndk-r17c/sysroot -isystem /opt/android-ndk-r17c/sysroot/usr/include/aarch64-linux-android -D__ANDROID_API__=21 -g -DANDROID -ffunction-sections -funwind-tables -fstack-protector-strong -no-canonical-prefixes -Wa --noexecstack -Wformat   -Wl --exclude-libs libgcc.a -Wl --exclude-libs libatomic.a -nostdlib++ --sysroot /opt/android-ndk-r17c/platforms/android-21/arch-arm64 -Wl --build-id -Wl --warn-shared-textrel -Wl --fatal-warnings -L/opt/android-ndk-r17c/sources/cxx-stl/llvm-libc++/libs/arm64-v8a -Wl --no-undefined -Wl -z noexecstack -Qunused-arguments -Wl -z relro -Wl -z now -Wl --gc-sections -Wl -z nocopyreloc -pie -fpie  -v CMakeFiles/cmTC_2eb05.dir/CMakeCCompilerABI.c.o -o cmTC_2eb05 ]
  ignore line: [Android (4691093 based on r316199) clang version 6.0.2 (https://android.googlesource.com/toolchain/clang 183abd29fc496f55536e7d904e0abae47888fc7f) (https://android.googlesource.com/toolchain/llvm 34361f192e41ed6e4e8f9aca80a4ea7e9856f327) (based on LLVM 6.0.2svn)]
  ignore line: [Target: aarch64-none-linux-android]
  ignore line: [Thread model: posix]
  ignore line: [InstalledDir: /opt/android-ndk-r17c/toolchains/llvm/prebuilt/linux-x86_64/bin]
  ignore line: [Found candidate GCC installation: /opt/android-ndk-r17c/toolchains/aarch64-linux-android-4.9/prebuilt/linux-x86_64/lib/gcc/aarch64-linux-android/4.9.x]
  ignore line: [Selected GCC installation: /opt/android-ndk-r17c/toolchains/aarch64-linux-android-4.9/prebuilt/linux-x86_64/lib/gcc/aarch64-linux-android/4.9.x]
  ignore line: [Candidate multilib: .]
  ignore line: [@m64]
  ignore line: [Selected multilib: .]
  ignore line: [@m64]
  link line: [ "/opt/android-ndk-r17c/toolchains/aarch64-linux-android-4.9/prebuilt/linux-x86_64/lib/gcc/aarch64-linux-android/4.9.x/../../../../aarch64-linux-android/bin/ld" --sysroot=/opt/android-ndk-r17c/platforms/android-21/arch-arm64 -pie --fix-cortex-a53-843419 --eh-frame-hdr -m aarch64linux -dynamic-linker /system/bin/linker64 -o cmTC_2eb05 /opt/android-ndk-r17c/platforms/android-21/arch-arm64/usr/lib/crtbegin_dynamic.o -L/opt/android-ndk-r17c/sources/cxx-stl/llvm-libc++/libs/arm64-v8a -L/opt/android-ndk-r17c/toolchains/llvm/prebuilt/linux-x86_64/lib64/clang/6.0.2/lib/linux/aarch64 -L/opt/android-ndk-r17c/toolchains/aarch64-linux-android-4.9/prebuilt/linux-x86_64/lib/gcc/aarch64-linux-android/4.9.x -L/opt/android-ndk-r17c/toolchains/aarch64-linux-android-4.9/prebuilt/linux-x86_64/lib/gcc/aarch64-linux-android/4.9.x/../../../../aarch64-linux-android/lib/../lib64 -L/opt/android-ndk-r17c/toolchains/aarch64-linux-android-4.9/prebuilt/linux-x86_64/lib/gcc/aarch64-linux-android/4.9.x/../../../../aarch64-linux-android/lib -L/opt/android-ndk-r17c/platforms/android-21/arch-arm64/usr/lib --exclude-libs libgcc.a --exclude-libs libatomic.a --build-id --warn-shared-textrel --fatal-warnings --no-undefined -z noexecstack -z relro -z now --gc-sections -z nocopyreloc CMakeFiles/cmTC_2eb05.dir/CMakeCCompilerABI.c.o -lgcc -ldl -lc -lgcc -ldl /opt/android-ndk-r17c/platforms/android-21/arch-arm64/usr/lib/crtend_android.o]
    arg [/opt/android-ndk-r17c/toolchains/aarch64-linux-android-4.9/prebuilt/linux-x86_64/lib/gcc/aarch64-linux-android/4.9.x/../../../../aarch64-linux-android/bin/ld] ==> ignore
    arg [--sysroot=/opt/android-ndk-r17c/platforms/android-21/arch-arm64] ==> ignore
    arg [-pie] ==> ignore
    arg [--fix-cortex-a53-843419] ==> ignore
    arg [--eh-frame-hdr] ==> ignore
    arg [-m] ==> ignore
    arg [aarch64linux] ==> ignore
    arg [-dynamic-linker] ==> ignore
    arg [/system/bin/linker64] ==> ignore
    arg [-o] ==> ignore
    arg [cmTC_2eb05] ==> ignore
    arg [/opt/android-ndk-r17c/platforms/android-21/arch-arm64/usr/lib/crtbegin_dynamic.o] ==> obj [/opt/android-ndk-r17c/platforms/android-21/arch-arm64/usr/lib/crtbegin_dynamic.o]
    arg [-L/opt/android-ndk-r17c/sources/cxx-stl/llvm-libc++/libs/arm64-v8a] ==> dir [/opt/android-ndk-r17c/sources/cxx-stl/llvm-libc++/libs/arm64-v8a]
    arg [-L/opt/android-ndk-r17c/toolchains/llvm/prebuilt/linux-x86_64/lib64/clang/6.0.2/lib/linux/aarch64] ==> dir [/opt/android-ndk-r17c/toolchains/llvm/prebuilt/linux-x86_64/lib64/clang/6.0.2/lib/linux/aarch64]
    arg [-L/opt/android-ndk-r17c/toolchains/aarch64-linux-android-4.9/prebuilt/linux-x86_64/lib/gcc/aarch64-linux-android/4.9.x] ==> dir [/opt/android-ndk-r17c/toolchains/aarch64-linux-android-4.9/prebuilt/linux-x86_64/lib/gcc/aarch64-linux-android/4.9.x]
    arg [-L/opt/android-ndk-r17c/toolchains/aarch64-linux-android-4.9/prebuilt/linux-x86_64/lib/gcc/aarch64-linux-android/4.9.x/../../../../aarch64-linux-android/lib/../lib64] ==> dir [/opt/android-ndk-r17c/toolchains/aarch64-linux-android-4.9/prebuilt/linux-x86_64/lib/gcc/aarch64-linux-android/4.9.x/../../../../aarch64-linux-android/lib/../lib64]
    arg [-L/opt/android-ndk-r17c/toolchains/aarch64-linux-android-4.9/prebuilt/linux-x86_64/lib/gcc/aarch64-linux-android/4.9.x/../../../../aarch64-linux-android/lib] ==> dir [/opt/android-ndk-r17c/toolchains/aarch64-linux-android-4.9/prebuilt/linux-x86_64/lib/gcc/aarch64-linux-android/4.9.x/../../../../aarch64-linux-android/lib]
    arg [-L/opt/android-ndk-r17c/platforms/android-21/arch-arm64/usr/lib] ==> dir [/opt/android-ndk-r17c/platforms/android-21/arch-arm64/usr/lib]
    arg [--exclude-libs] ==> ignore
    arg [libgcc.a] ==> ignore
    arg [--exclude-libs] ==> ignore
    arg [libatomic.a] ==> ignore
    arg [--build-id] ==> ignore
    arg [--warn-shared-textrel] ==> ignore
    arg [--fatal-warnings] ==> ignore
    arg [--no-undefined] ==> ignore
    arg [-znoexecstack] ==> ignore
    arg [-zrelro] ==> ignore
    arg [-znow] ==> ignore
    arg [--gc-sections] ==> ignore
    arg [-znocopyreloc] ==> ignore
    arg [CMakeFiles/cmTC_2eb05.dir/CMakeCCompilerABI.c.o] ==> ignore
    arg [-lgcc] ==> lib [gcc]
    arg [-ldl] ==> lib [dl]
    arg [-lc] ==> lib [c]
    arg [-lgcc] ==> lib [gcc]
    arg [-ldl] ==> lib [dl]
    arg [/opt/android-ndk-r17c/platforms/android-21/arch-arm64/usr/lib/crtend_android.o] ==> obj [/opt/android-ndk-r17c/platforms/android-21/arch-arm64/usr/lib/crtend_android.o]
  collapse library dir [/opt/android-ndk-r17c/sources/cxx-stl/llvm-libc++/libs/arm64-v8a] ==> [/opt/android-ndk-r17c/sources/cxx-stl/llvm-libc++/libs/arm64-v8a]
  collapse library dir [/opt/android-ndk-r17c/toolchains/llvm/prebuilt/linux-x86_64/lib64/clang/6.0.2/lib/linux/aarch64] ==> [/opt/android-ndk-r17c/toolchains/llvm/prebuilt/linux-x86_64/lib64/clang/6.0.2/lib/linux/aarch64]
  collapse library dir [/opt/android-ndk-r17c/toolchains/aarch64-linux-android-4.9/prebuilt/linux-x86_64/lib/gcc/aarch64-linux-android/4.9.x] ==> [/opt/android-ndk-r17c/toolchains/aarch64-linux-android-4.9/prebuilt/linux-x86_64/lib/gcc/aarch64-linux-android/4.9.x]
  collapse library dir [/opt/android-ndk-r17c/toolchains/aarch64-linux-android-4.9/prebuilt/linux-x86_64/lib/gcc/aarch64-linux-android/4.9.x/../../../../aarch64-linux-android/lib/../lib64] ==> [/opt/android-ndk-r17c/toolchains/aarch64-linux-android-4.9/prebuilt/linux-x86_64/aarch64-linux-android/lib64]
  collapse library dir [/opt/android-ndk-r17c/toolchains/aarch64-linux-android-4.9/prebuilt/linux-x86_64/lib/gcc/aarch64-linux-android/4.9.x/../../../../aarch64-linux-android/lib] ==> [/opt/android-ndk-r17c/toolchains/aarch64-linux-android-4.9/prebuilt/linux-x86_64/aarch64-linux-android/lib]
  collapse library dir [/opt/android-ndk-r17c/platforms/android-21/arch-arm64/usr/lib] ==> [/opt/android-ndk-r17c/platforms/android-21/arch-arm64/usr/lib]
  implicit libs: [gcc;dl;c;gcc;dl]
  implicit objs: [/opt/android-ndk-r17c/platforms/android-21/arch-arm64/usr/lib/crtbegin_dynamic.o;/opt/android-ndk-r17c/platforms/android-21/arch-arm64/usr/lib/crtend_android.o]
  implicit dirs: [/opt/android-ndk-r17c/sources/cxx-stl/llvm-libc++/libs/arm64-v8a;/opt/android-ndk-r17c/toolchains/llvm/prebuilt/linux-x86_64/lib64/clang/6.0.2/lib/linux/aarch64;/opt/android-ndk-r17c/toolchains/aarch64-linux-android-4.9/prebuilt/linux-x86_64/lib/gcc/aarch64-linux-android/4.9.x;/opt/android-ndk-r17c/toolchains/aarch64-linux-android-4.9/prebuilt/linux-x86_64/aarch64-linux-android/lib64;/opt/android-ndk-r17c/toolchains/aarch64-linux-android-4.9/prebuilt/linux-x86_64/aarch64-linux-android/lib;/opt/android-ndk-r17c/platforms/android-21/arch-arm64/usr/lib]
  implicit fwks: []


Detecting CXX compiler ABI info compiled with the following output:
Change Dir: /data/flycv-android-example/build/CMakeFiles/CMakeTmp

Run Build Command(s):/usr/bin/gmake -f Makefile cmTC_083d3/fast && /usr/bin/gmake  -f CMakeFiles/cmTC_083d3.dir/build.make CMakeFiles/cmTC_083d3.dir/build
gmake[1]: Entering directory '/data/flycv-android-example/build/CMakeFiles/CMakeTmp'
Building CXX object CMakeFiles/cmTC_083d3.dir/CMakeCXXCompilerABI.cpp.o
/opt/android-ndk-r17c/toolchains/llvm/prebuilt/linux-x86_64/bin/clang++ --target=aarch64-none-linux-android --gcc-toolchain=/opt/android-ndk-r17c/toolchains/aarch64-linux-android-4.9/prebuilt/linux-x86_64 --sysroot=/opt/android-ndk-r17c/sysroot  -isystem /opt/android-ndk-r17c/sources/cxx-stl/llvm-libc++/include -isystem /opt/android-ndk-r17c/sources/android/support/include -isystem /opt/android-ndk-r17c/sources/cxx-stl/llvm-libc++abi/include -isystem /opt/android-ndk-r17c/sysroot/usr/include/aarch64-linux-android -D__ANDROID_API__=21 -g -DANDROID -ffunction-sections -funwind-tables -fstack-protector-strong -no-canonical-prefixes -Wa,--noexecstack -Wformat -std=c++11   -fPIE   -v -MD -MT CMakeFiles/cmTC_083d3.dir/CMakeCXXCompilerABI.cpp.o -MF CMakeFiles/cmTC_083d3.dir/CMakeCXXCompilerABI.cpp.o.d -o CMakeFiles/cmTC_083d3.dir/CMakeCXXCompilerABI.cpp.o -c /usr/share/cmake-3.22/Modules/CMakeCXXCompilerABI.cpp
Android (4691093 based on r316199) clang version 6.0.2 (https://android.googlesource.com/toolchain/clang 183abd29fc496f55536e7d904e0abae47888fc7f) (https://android.googlesource.com/toolchain/llvm 34361f192e41ed6e4e8f9aca80a4ea7e9856f327) (based on LLVM 6.0.2svn)
Target: aarch64-none-linux-android
Thread model: posix
InstalledDir: /opt/android-ndk-r17c/toolchains/llvm/prebuilt/linux-x86_64/bin
Found candidate GCC installation: /opt/android-ndk-r17c/toolchains/aarch64-linux-android-4.9/prebuilt/linux-x86_64/lib/gcc/aarch64-linux-android/4.9.x
Selected GCC installation: /opt/android-ndk-r17c/toolchains/aarch64-linux-android-4.9/prebuilt/linux-x86_64/lib/gcc/aarch64-linux-android/4.9.x
Candidate multilib: .;@m64
Selected multilib: .;@m64
 "/opt/android-ndk-r17c/toolchains/llvm/prebuilt/linux-x86_64/bin/clang++" -cc1 -triple aarch64-none-linux-android -emit-obj -mrelax-all -mnoexecstack -disable-free -disable-llvm-verifier -discard-value-names -main-file-name CMakeCXXCompilerABI.cpp -mrelocation-model pic -pic-level 2 -pic-is-pie -mthread-model posix -mdisable-fp-elim -fmath-errno -masm-verbose -mconstructor-aliases -munwind-tables -fuse-init-array -target-cpu generic -target-feature +neon -target-abi aapcs -backend-option -aarch64-fix-cortex-a53-835769=1 -fallow-half-arguments-and-returns -dwarf-column-info -debug-info-kind=limited -dwarf-version=4 -debugger-tuning=gdb -v -ffunction-sections -coverage-notes-file /data/flycv-android-example/build/CMakeFiles/CMakeTmp/CMakeFiles/cmTC_083d3.dir/CMakeCXXCompilerABI.cpp.gcno -resource-dir /opt/android-ndk-r17c/toolchains/llvm/prebuilt/linux-x86_64/lib64/clang/6.0.2 -dependency-file CMakeFiles/cmTC_083d3.dir/CMakeCXXCompilerABI.cpp.o.d -sys-header-deps -MT CMakeFiles/cmTC_083d3.dir/CMakeCXXCompilerABI.cpp.o -isystem /opt/android-ndk-r17c/sources/cxx-stl/llvm-libc++/include -isystem /opt/android-ndk-r17c/sources/android/support/include -isystem /opt/android-ndk-r17c/sources/cxx-stl/llvm-libc++abi/include -isystem /opt/android-ndk-r17c/sysroot/usr/include/aarch64-linux-android -D __ANDROID_API__=21 -D ANDROID -isysroot /opt/android-ndk-r17c/sysroot -internal-isystem /opt/android-ndk-r17c/sysroot/usr/local/include -internal-isystem /opt/android-ndk-r17c/toolchains/llvm/prebuilt/linux-x86_64/lib64/clang/6.0.2/include -internal-externc-isystem /opt/android-ndk-r17c/sysroot/include -internal-externc-isystem /opt/android-ndk-r17c/sysroot/usr/include -Wformat -std=c++11 -fdeprecated-macro -fdebug-compilation-dir /data/flycv-android-example/build/CMakeFiles/CMakeTmp -ferror-limit 19 -fmessage-length 0 -femulated-tls -stack-protector 2 -fno-signed-char -fobjc-runtime=gcc -fcxx-exceptions -fexceptions -fdiagnostics-show-option -o CMakeFiles/cmTC_083d3.dir/CMakeCXXCompilerABI.cpp.o -x c++ /usr/share/cmake-3.22/Modules/CMakeCXXCompilerABI.cpp
clang -cc1 version 6.0.2 based upon LLVM 6.0.2svn default target x86_64-unknown-linux-gnu
ignoring nonexistent directory "/opt/android-ndk-r17c/sysroot/usr/local/include"
ignoring nonexistent directory "/opt/android-ndk-r17c/sysroot/include"
#include "..." search starts here:
#include <...> search starts here:
 /opt/android-ndk-r17c/sources/cxx-stl/llvm-libc++/include
 /opt/android-ndk-r17c/sources/android/support/include
 /opt/android-ndk-r17c/sources/cxx-stl/llvm-libc++abi/include
 /opt/android-ndk-r17c/sysroot/usr/include/aarch64-linux-android
 /opt/android-ndk-r17c/toolchains/llvm/prebuilt/linux-x86_64/lib64/clang/6.0.2/include
 /opt/android-ndk-r17c/sysroot/usr/include
End of search list.
Linking CXX executable cmTC_083d3
/usr/bin/cmake -E cmake_link_script CMakeFiles/cmTC_083d3.dir/link.txt --verbose=1
/opt/android-ndk-r17c/toolchains/llvm/prebuilt/linux-x86_64/bin/clang++ --target=aarch64-none-linux-android --gcc-toolchain=/opt/android-ndk-r17c/toolchains/aarch64-linux-android-4.9/prebuilt/linux-x86_64 --sysroot=/opt/android-ndk-r17c/sysroot -isystem /opt/android-ndk-r17c/sysroot/usr/include/aarch64-linux-android -D__ANDROID_API__=21 -g -DANDROID -ffunction-sections -funwind-tables -fstack-protector-strong -no-canonical-prefixes -Wa,--noexecstack -Wformat -std=c++11   -Wl,--exclude-libs,libgcc.a -Wl,--exclude-libs,libatomic.a -nostdlib++ --sysroot /opt/android-ndk-r17c/platforms/android-21/arch-arm64 -Wl,--build-id -Wl,--warn-shared-textrel -Wl,--fatal-warnings -L/opt/android-ndk-r17c/sources/cxx-stl/llvm-libc++/libs/arm64-v8a -Wl,--no-undefined -Wl,-z,noexecstack -Qunused-arguments -Wl,-z,relro -Wl,-z,now -Wl,--gc-sections -Wl,-z,nocopyreloc -pie -fpie  -v CMakeFiles/cmTC_083d3.dir/CMakeCXXCompilerABI.cpp.o -o cmTC_083d3 
Android (4691093 based on r316199) clang version 6.0.2 (https://android.googlesource.com/toolchain/clang 183abd29fc496f55536e7d904e0abae47888fc7f) (https://android.googlesource.com/toolchain/llvm 34361f192e41ed6e4e8f9aca80a4ea7e9856f327) (based on LLVM 6.0.2svn)
Target: aarch64-none-linux-android
Thread model: posix
InstalledDir: /opt/android-ndk-r17c/toolchains/llvm/prebuilt/linux-x86_64/bin
Found candidate GCC installation: /opt/android-ndk-r17c/toolchains/aarch64-linux-android-4.9/prebuilt/linux-x86_64/lib/gcc/aarch64-linux-android/4.9.x
Selected GCC installation: /opt/android-ndk-r17c/toolchains/aarch64-linux-android-4.9/prebuilt/linux-x86_64/lib/gcc/aarch64-linux-android/4.9.x
Candidate multilib: .;@m64
Selected multilib: .;@m64
 "/opt/android-ndk-r17c/toolchains/aarch64-linux-android-4.9/prebuilt/linux-x86_64/lib/gcc/aarch64-linux-android/4.9.x/../../../../aarch64-linux-android/bin/ld" --sysroot=/opt/android-ndk-r17c/platforms/android-21/arch-arm64 -pie --fix-cortex-a53-843419 --eh-frame-hdr -m aarch64linux -dynamic-linker /system/bin/linker64 -o cmTC_083d3 /opt/android-ndk-r17c/platforms/android-21/arch-arm64/usr/lib/crtbegin_dynamic.o -L/opt/android-ndk-r17c/sources/cxx-stl/llvm-libc++/libs/arm64-v8a -L/opt/android-ndk-r17c/toolchains/llvm/prebuilt/linux-x86_64/lib64/clang/6.0.2/lib/linux/aarch64 -L/opt/android-ndk-r17c/toolchains/aarch64-linux-android-4.9/prebuilt/linux-x86_64/lib/gcc/aarch64-linux-android/4.9.x -L/opt/android-ndk-r17c/toolchains/aarch64-linux-android-4.9/prebuilt/linux-x86_64/lib/gcc/aarch64-linux-android/4.9.x/../../../../aarch64-linux-android/lib/../lib64 -L/opt/android-ndk-r17c/toolchains/aarch64-linux-android-4.9/prebuilt/linux-x86_64/lib/gcc/aarch64-linux-android/4.9.x/../../../../aarch64-linux-android/lib -L/opt/android-ndk-r17c/platforms/android-21/arch-arm64/usr/lib --exclude-libs libgcc.a --exclude-libs libatomic.a --build-id --warn-shared-textrel --fatal-warnings --no-undefined -z noexecstack -z relro -z now --gc-sections -z nocopyreloc CMakeFiles/cmTC_083d3.dir/CMakeCXXCompilerABI.cpp.o -lm -lgcc -lgcc -ldl -lc -lgcc -lgcc -ldl /opt/android-ndk-r17c/platforms/android-21/arch-arm64/usr/lib/crtend_android.o
gmake[1]: Leaving directory '/data/flycv-android-example/build/CMakeFiles/CMakeTmp'



Parsed CXX implicit include dir info from above output: rv=done
  found start of include info
  found start of implicit include info
    add: [/opt/android-ndk-r17c/sources/cxx-stl/llvm-libc++/include]
    add: [/opt/android-ndk-r17c/sources/android/support/include]
    add: [/opt/android-ndk-r17c/sources/cxx-stl/llvm-libc++abi/include]
    add: [/opt/android-ndk-r17c/sysroot/usr/include/aarch64-linux-android]
    add: [/opt/android-ndk-r17c/toolchains/llvm/prebuilt/linux-x86_64/lib64/clang/6.0.2/include]
    add: [/opt/android-ndk-r17c/sysroot/usr/include]
  end of search list found
  collapse include dir [/opt/android-ndk-r17c/sources/cxx-stl/llvm-libc++/include] ==> [/opt/android-ndk-r17c/sources/cxx-stl/llvm-libc++/include]
  collapse include dir [/opt/android-ndk-r17c/sources/android/support/include] ==> [/opt/android-ndk-r17c/sources/android/support/include]
  collapse include dir [/opt/android-ndk-r17c/sources/cxx-stl/llvm-libc++abi/include] ==> [/opt/android-ndk-r17c/sources/cxx-stl/llvm-libc++abi/include]
  collapse include dir [/opt/android-ndk-r17c/sysroot/usr/include/aarch64-linux-android] ==> [/opt/android-ndk-r17c/sysroot/usr/include/aarch64-linux-android]
  collapse include dir [/opt/android-ndk-r17c/toolchains/llvm/prebuilt/linux-x86_64/lib64/clang/6.0.2/include] ==> [/opt/android-ndk-r17c/toolchains/llvm/prebuilt/linux-x86_64/lib64/clang/6.0.2/include]
  collapse include dir [/opt/android-ndk-r17c/sysroot/usr/include] ==> [/opt/android-ndk-r17c/sysroot/usr/include]
  implicit include dirs: [/opt/android-ndk-r17c/sources/cxx-stl/llvm-libc++/include;/opt/android-ndk-r17c/sources/android/support/include;/opt/android-ndk-r17c/sources/cxx-stl/llvm-libc++abi/include;/opt/android-ndk-r17c/sysroot/usr/include/aarch64-linux-android;/opt/android-ndk-r17c/toolchains/llvm/prebuilt/linux-x86_64/lib64/clang/6.0.2/include;/opt/android-ndk-r17c/sysroot/usr/include]


Parsed CXX implicit link information from above output:
  link line regex: [^( *|.*[/\])(aarch64-linux-android-ld|CMAKE_LINK_STARTFILE-NOTFOUND|([^/\]+-)?ld|collect2)[^/\]*( |$)]
  ignore line: [Change Dir: /data/flycv-android-example/build/CMakeFiles/CMakeTmp]
  ignore line: []
  ignore line: [Run Build Command(s):/usr/bin/gmake -f Makefile cmTC_083d3/fast && /usr/bin/gmake  -f CMakeFiles/cmTC_083d3.dir/build.make CMakeFiles/cmTC_083d3.dir/build]
  ignore line: [gmake[1]: Entering directory '/data/flycv-android-example/build/CMakeFiles/CMakeTmp']
  ignore line: [Building CXX object CMakeFiles/cmTC_083d3.dir/CMakeCXXCompilerABI.cpp.o]
  ignore line: [/opt/android-ndk-r17c/toolchains/llvm/prebuilt/linux-x86_64/bin/clang++ --target=aarch64-none-linux-android --gcc-toolchain=/opt/android-ndk-r17c/toolchains/aarch64-linux-android-4.9/prebuilt/linux-x86_64 --sysroot=/opt/android-ndk-r17c/sysroot  -isystem /opt/android-ndk-r17c/sources/cxx-stl/llvm-libc++/include -isystem /opt/android-ndk-r17c/sources/android/support/include -isystem /opt/android-ndk-r17c/sources/cxx-stl/llvm-libc++abi/include -isystem /opt/android-ndk-r17c/sysroot/usr/include/aarch64-linux-android -D__ANDROID_API__=21 -g -DANDROID -ffunction-sections -funwind-tables -fstack-protector-strong -no-canonical-prefixes -Wa --noexecstack -Wformat -std=c++11   -fPIE   -v -MD -MT CMakeFiles/cmTC_083d3.dir/CMakeCXXCompilerABI.cpp.o -MF CMakeFiles/cmTC_083d3.dir/CMakeCXXCompilerABI.cpp.o.d -o CMakeFiles/cmTC_083d3.dir/CMakeCXXCompilerABI.cpp.o -c /usr/share/cmake-3.22/Modules/CMakeCXXCompilerABI.cpp]
  ignore line: [Android (4691093 based on r316199) clang version 6.0.2 (https://android.googlesource.com/toolchain/clang 183abd29fc496f55536e7d904e0abae47888fc7f) (https://android.googlesource.com/toolchain/llvm 34361f192e41ed6e4e8f9aca80a4ea7e9856f327) (based on LLVM 6.0.2svn)]
  ignore line: [Target: aarch64-none-linux-android]
  ignore line: [Thread model: posix]
  ignore line: [InstalledDir: /opt/android-ndk-r17c/toolchains/llvm/prebuilt/linux-x86_64/bin]
  ignore line: [Found candidate GCC installation: /opt/android-ndk-r17c/toolchains/aarch64-linux-android-4.9/prebuilt/linux-x86_64/lib/gcc/aarch64-linux-android/4.9.x]
  ignore line: [Selected GCC installation: /opt/android-ndk-r17c/toolchains/aarch64-linux-android-4.9/prebuilt/linux-x86_64/lib/gcc/aarch64-linux-android/4.9.x]
  ignore line: [Candidate multilib: .]
  ignore line: [@m64]
  ignore line: [Selected multilib: .]
  ignore line: [@m64]
  ignore line: [ "/opt/android-ndk-r17c/toolchains/llvm/prebuilt/linux-x86_64/bin/clang++" -cc1 -triple aarch64-none-linux-android -emit-obj -mrelax-all -mnoexecstack -disable-free -disable-llvm-verifier -discard-value-names -main-file-name CMakeCXXCompilerABI.cpp -mrelocation-model pic -pic-level 2 -pic-is-pie -mthread-model posix -mdisable-fp-elim -fmath-errno -masm-verbose -mconstructor-aliases -munwind-tables -fuse-init-array -target-cpu generic -target-feature +neon -target-abi aapcs -backend-option -aarch64-fix-cortex-a53-835769=1 -fallow-half-arguments-and-returns -dwarf-column-info -debug-info-kind=limited -dwarf-version=4 -debugger-tuning=gdb -v -ffunction-sections -coverage-notes-file /data/flycv-android-example/build/CMakeFiles/CMakeTmp/CMakeFiles/cmTC_083d3.dir/CMakeCXXCompilerABI.cpp.gcno -resource-dir /opt/android-ndk-r17c/toolchains/llvm/prebuilt/linux-x86_64/lib64/clang/6.0.2 -dependency-file CMakeFiles/cmTC_083d3.dir/CMakeCXXCompilerABI.cpp.o.d -sys-header-deps -MT CMakeFiles/cmTC_083d3.dir/CMakeCXXCompilerABI.cpp.o -isystem /opt/android-ndk-r17c/sources/cxx-stl/llvm-libc++/include -isystem /opt/android-ndk-r17c/sources/android/support/include -isystem /opt/android-ndk-r17c/sources/cxx-stl/llvm-libc++abi/include -isystem /opt/android-ndk-r17c/sysroot/usr/include/aarch64-linux-android -D __ANDROID_API__=21 -D ANDROID -isysroot /opt/android-ndk-r17c/sysroot -internal-isystem /opt/android-ndk-r17c/sysroot/usr/local/include -internal-isystem /opt/android-ndk-r17c/toolchains/llvm/prebuilt/linux-x86_64/lib64/clang/6.0.2/include -internal-externc-isystem /opt/android-ndk-r17c/sysroot/include -internal-externc-isystem /opt/android-ndk-r17c/sysroot/usr/include -Wformat -std=c++11 -fdeprecated-macro -fdebug-compilation-dir /data/flycv-android-example/build/CMakeFiles/CMakeTmp -ferror-limit 19 -fmessage-length 0 -femulated-tls -stack-protector 2 -fno-signed-char -fobjc-runtime=gcc -fcxx-exceptions -fexceptions -fdiagnostics-show-option -o CMakeFiles/cmTC_083d3.dir/CMakeCXXCompilerABI.cpp.o -x c++ /usr/share/cmake-3.22/Modules/CMakeCXXCompilerABI.cpp]
  ignore line: [clang -cc1 version 6.0.2 based upon LLVM 6.0.2svn default target x86_64-unknown-linux-gnu]
  ignore line: [ignoring nonexistent directory "/opt/android-ndk-r17c/sysroot/usr/local/include"]
  ignore line: [ignoring nonexistent directory "/opt/android-ndk-r17c/sysroot/include"]
  ignore line: [#include "..." search starts here:]
  ignore line: [#include <...> search starts here:]
  ignore line: [ /opt/android-ndk-r17c/sources/cxx-stl/llvm-libc++/include]
  ignore line: [ /opt/android-ndk-r17c/sources/android/support/include]
  ignore line: [ /opt/android-ndk-r17c/sources/cxx-stl/llvm-libc++abi/include]
  ignore line: [ /opt/android-ndk-r17c/sysroot/usr/include/aarch64-linux-android]
  ignore line: [ /opt/android-ndk-r17c/toolchains/llvm/prebuilt/linux-x86_64/lib64/clang/6.0.2/include]
  ignore line: [ /opt/android-ndk-r17c/sysroot/usr/include]
  ignore line: [End of search list.]
  ignore line: [Linking CXX executable cmTC_083d3]
  ignore line: [/usr/bin/cmake -E cmake_link_script CMakeFiles/cmTC_083d3.dir/link.txt --verbose=1]
  ignore line: [/opt/android-ndk-r17c/toolchains/llvm/prebuilt/linux-x86_64/bin/clang++ --target=aarch64-none-linux-android --gcc-toolchain=/opt/android-ndk-r17c/toolchains/aarch64-linux-android-4.9/prebuilt/linux-x86_64 --sysroot=/opt/android-ndk-r17c/sysroot -isystem /opt/android-ndk-r17c/sysroot/usr/include/aarch64-linux-android -D__ANDROID_API__=21 -g -DANDROID -ffunction-sections -funwind-tables -fstack-protector-strong -no-canonical-prefixes -Wa --noexecstack -Wformat -std=c++11   -Wl --exclude-libs libgcc.a -Wl --exclude-libs libatomic.a -nostdlib++ --sysroot /opt/android-ndk-r17c/platforms/android-21/arch-arm64 -Wl --build-id -Wl --warn-shared-textrel -Wl --fatal-warnings -L/opt/android-ndk-r17c/sources/cxx-stl/llvm-libc++/libs/arm64-v8a -Wl --no-undefined -Wl -z noexecstack -Qunused-arguments -Wl -z relro -Wl -z now -Wl --gc-sections -Wl -z nocopyreloc -pie -fpie  -v CMakeFiles/cmTC_083d3.dir/CMakeCXXCompilerABI.cpp.o -o cmTC_083d3 ]
  ignore line: [Android (4691093 based on r316199) clang version 6.0.2 (https://android.googlesource.com/toolchain/clang 183abd29fc496f55536e7d904e0abae47888fc7f) (https://android.googlesource.com/toolchain/llvm 34361f192e41ed6e4e8f9aca80a4ea7e9856f327) (based on LLVM 6.0.2svn)]
  ignore line: [Target: aarch64-none-linux-android]
  ignore line: [Thread model: posix]
  ignore line: [InstalledDir: /opt/android-ndk-r17c/toolchains/llvm/prebuilt/linux-x86_64/bin]
  ignore line: [Found candidate GCC installation: /opt/android-ndk-r17c/toolchains/aarch64-linux-android-4.9/prebuilt/linux-x86_64/lib/gcc/aarch64-linux-android/4.9.x]
  ignore line: [Selected GCC installation: /opt/android-ndk-r17c/toolchains/aarch64-linux-android-4.9/prebuilt/linux-x86_64/lib/gcc/aarch64-linux-android/4.9.x]
  ignore line: [Candidate multilib: .]
  ignore line: [@m64]
  ignore line: [Selected multilib: .]
  ignore line: [@m64]
  link line: [ "/opt/android-ndk-r17c/toolchains/aarch64-linux-android-4.9/prebuilt/linux-x86_64/lib/gcc/aarch64-linux-android/4.9.x/../../../../aarch64-linux-android/bin/ld" --sysroot=/opt/android-ndk-r17c/platforms/android-21/arch-arm64 -pie --fix-cortex-a53-843419 --eh-frame-hdr -m aarch64linux -dynamic-linker /system/bin/linker64 -o cmTC_083d3 /opt/android-ndk-r17c/platforms/android-21/arch-arm64/usr/lib/crtbegin_dynamic.o -L/opt/android-ndk-r17c/sources/cxx-stl/llvm-libc++/libs/arm64-v8a -L/opt/android-ndk-r17c/toolchains/llvm/prebuilt/linux-x86_64/lib64/clang/6.0.2/lib/linux/aarch64 -L/opt/android-ndk-r17c/toolchains/aarch64-linux-android-4.9/prebuilt/linux-x86_64/lib/gcc/aarch64-linux-android/4.9.x -L/opt/android-ndk-r17c/toolchains/aarch64-linux-android-4.9/prebuilt/linux-x86_64/lib/gcc/aarch64-linux-android/4.9.x/../../../../aarch64-linux-android/lib/../lib64 -L/opt/android-ndk-r17c/toolchains/aarch64-linux-android-4.9/prebuilt/linux-x86_64/lib/gcc/aarch64-linux-android/4.9.x/../../../../aarch64-linux-android/lib -L/opt/android-ndk-r17c/platforms/android-21/arch-arm64/usr/lib --exclude-libs libgcc.a --exclude-libs libatomic.a --build-id --warn-shared-textrel --fatal-warnings --no-undefined -z noexecstack -z relro -z now --gc-sections -z nocopyreloc CMakeFiles/cmTC_083d3.dir/CMakeCXXCompilerABI.cpp.o -lm -lgcc -lgcc -ldl -lc -lgcc -lgcc -ldl /opt/android-ndk-r17c/platforms/android-21/arch-arm64/usr/lib/crtend_android.o]
    arg [/opt/android-ndk-r17c/toolchains/aarch64-linux-android-4.9/prebuilt/linux-x86_64/lib/gcc/aarch64-linux-android/4.9.x/../../../../aarch64-linux-android/bin/ld] ==> ignore
    arg [--sysroot=/opt/android-ndk-r17c/platforms/android-21/arch-arm64] ==> ignore
    arg [-pie] ==> ignore
    arg [--fix-cortex-a53-843419] ==> ignore
    arg [--eh-frame-hdr] ==> ignore
    arg [-m] ==> ignore
    arg [aarch64linux] ==> ignore
    arg [-dynamic-linker] ==> ignore
    arg [/system/bin/linker64] ==> ignore
    arg [-o] ==> ignore
    arg [cmTC_083d3] ==> ignore
    arg [/opt/android-ndk-r17c/platforms/android-21/arch-arm64/usr/lib/crtbegin_dynamic.o] ==> obj [/opt/android-ndk-r17c/platforms/android-21/arch-arm64/usr/lib/crtbegin_dynamic.o]
    arg [-L/opt/android-ndk-r17c/sources/cxx-stl/llvm-libc++/libs/arm64-v8a] ==> dir [/opt/android-ndk-r17c/sources/cxx-stl/llvm-libc++/libs/arm64-v8a]
    arg [-L/opt/android-ndk-r17c/toolchains/llvm/prebuilt/linux-x86_64/lib64/clang/6.0.2/lib/linux/aarch64] ==> dir [/opt/android-ndk-r17c/toolchains/llvm/prebuilt/linux-x86_64/lib64/clang/6.0.2/lib/linux/aarch64]
    arg [-L/opt/android-ndk-r17c/toolchains/aarch64-linux-android-4.9/prebuilt/linux-x86_64/lib/gcc/aarch64-linux-android/4.9.x] ==> dir [/opt/android-ndk-r17c/toolchains/aarch64-linux-android-4.9/prebuilt/linux-x86_64/lib/gcc/aarch64-linux-android/4.9.x]
    arg [-L/opt/android-ndk-r17c/toolchains/aarch64-linux-android-4.9/prebuilt/linux-x86_64/lib/gcc/aarch64-linux-android/4.9.x/../../../../aarch64-linux-android/lib/../lib64] ==> dir [/opt/android-ndk-r17c/toolchains/aarch64-linux-android-4.9/prebuilt/linux-x86_64/lib/gcc/aarch64-linux-android/4.9.x/../../../../aarch64-linux-android/lib/../lib64]
    arg [-L/opt/android-ndk-r17c/toolchains/aarch64-linux-android-4.9/prebuilt/linux-x86_64/lib/gcc/aarch64-linux-android/4.9.x/../../../../aarch64-linux-android/lib] ==> dir [/opt/android-ndk-r17c/toolchains/aarch64-linux-android-4.9/prebuilt/linux-x86_64/lib/gcc/aarch64-linux-android/4.9.x/../../../../aarch64-linux-android/lib]
    arg [-L/opt/android-ndk-r17c/platforms/android-21/arch-arm64/usr/lib] ==> dir [/opt/android-ndk-r17c/platforms/android-21/arch-arm64/usr/lib]
    arg [--exclude-libs] ==> ignore
    arg [libgcc.a] ==> ignore
    arg [--exclude-libs] ==> ignore
    arg [libatomic.a] ==> ignore
    arg [--build-id] ==> ignore
    arg [--warn-shared-textrel] ==> ignore
    arg [--fatal-warnings] ==> ignore
    arg [--no-undefined] ==> ignore
    arg [-znoexecstack] ==> ignore
    arg [-zrelro] ==> ignore
    arg [-znow] ==> ignore
    arg [--gc-sections] ==> ignore
    arg [-znocopyreloc] ==> ignore
    arg [CMakeFiles/cmTC_083d3.dir/CMakeCXXCompilerABI.cpp.o] ==> ignore
    arg [-lm] ==> lib [m]
    arg [-lgcc] ==> lib [gcc]
    arg [-lgcc] ==> lib [gcc]
    arg [-ldl] ==> lib [dl]
    arg [-lc] ==> lib [c]
    arg [-lgcc] ==> lib [gcc]
    arg [-lgcc] ==> lib [gcc]
    arg [-ldl] ==> lib [dl]
    arg [/opt/android-ndk-r17c/platforms/android-21/arch-arm64/usr/lib/crtend_android.o] ==> obj [/opt/android-ndk-r17c/platforms/android-21/arch-arm64/usr/lib/crtend_android.o]
  collapse library dir [/opt/android-ndk-r17c/sources/cxx-stl/llvm-libc++/libs/arm64-v8a] ==> [/opt/android-ndk-r17c/sources/cxx-stl/llvm-libc++/libs/arm64-v8a]
  collapse library dir [/opt/android-ndk-r17c/toolchains/llvm/prebuilt/linux-x86_64/lib64/clang/6.0.2/lib/linux/aarch64] ==> [/opt/android-ndk-r17c/toolchains/llvm/prebuilt/linux-x86_64/lib64/clang/6.0.2/lib/linux/aarch64]
  collapse library dir [/opt/android-ndk-r17c/toolchains/aarch64-linux-android-4.9/prebuilt/linux-x86_64/lib/gcc/aarch64-linux-android/4.9.x] ==> [/opt/android-ndk-r17c/toolchains/aarch64-linux-android-4.9/prebuilt/linux-x86_64/lib/gcc/aarch64-linux-android/4.9.x]
  collapse library dir [/opt/android-ndk-r17c/toolchains/aarch64-linux-android-4.9/prebuilt/linux-x86_64/lib/gcc/aarch64-linux-android/4.9.x/../../../../aarch64-linux-android/lib/../lib64] ==> [/opt/android-ndk-r17c/toolchains/aarch64-linux-android-4.9/prebuilt/linux-x86_64/aarch64-linux-android/lib64]
  collapse library dir [/opt/android-ndk-r17c/toolchains/aarch64-linux-android-4.9/prebuilt/linux-x86_64/lib/gcc/aarch64-linux-android/4.9.x/../../../../aarch64-linux-android/lib] ==> [/opt/android-ndk-r17c/toolchains/aarch64-linux-android-4.9/prebuilt/linux-x86_64/aarch64-linux-android/lib]
  collapse library dir [/opt/android-ndk-r17c/platforms/android-21/arch-arm64/usr/lib] ==> [/opt/android-ndk-r17c/platforms/android-21/arch-arm64/usr/lib]
  implicit libs: [m;gcc;gcc;dl;c;gcc;gcc;dl]
  implicit objs: [/opt/android-ndk-r17c/platforms/android-21/arch-arm64/usr/lib/crtbegin_dynamic.o;/opt/android-ndk-r17c/platforms/android-21/arch-arm64/usr/lib/crtend_android.o]
  implicit dirs: [/opt/android-ndk-r17c/sources/cxx-stl/llvm-libc++/libs/arm64-v8a;/opt/android-ndk-r17c/toolchains/llvm/prebuilt/linux-x86_64/lib64/clang/6.0.2/lib/linux/aarch64;/opt/android-ndk-r17c/toolchains/aarch64-linux-android-4.9/prebuilt/linux-x86_64/lib/gcc/aarch64-linux-android/4.9.x;/opt/android-ndk-r17c/toolchains/aarch64-linux-android-4.9/prebuilt/linux-x86_64/aarch64-linux-android/lib64;/opt/android-ndk-r17c/toolchains/aarch64-linux-android-4.9/prebuilt/linux-x86_64/aarch64-linux-android/lib;/opt/android-ndk-r17c/platforms/android-21/arch-arm64/usr/lib]
  implicit fwks: []


